2026.03.08 12:05:42 INFO  Started: Metals version 1.6.6 in folders '/home/martin/Desktop/aws-v7/api-gateway' for client Visual Studio Code 1.110.0.
2026.03.08 12:05:42 INFO  Memory monitor started
2026.03.08 12:05:44 WARN  Using H2 2.4.240 which is newer than the version Flyway has been verified with. The latest verified version of H2 is 2.3.232.
2026.03.08 12:05:44 INFO  no build target found for /home/martin/Desktop/aws-v7/api-gateway/src/main/java/com/microservices/gateway/config/GatewayConfig.java. Using fallback presentation compiler.
2026.03.08 12:05:45 INFO  no build target found for /home/martin/Desktop/aws-v7/api-gateway/src/main/java/com/microservices/gateway/config/GatewayConfig.java. Using fallback presentation compiler.
2026.03.08 12:05:45 INFO  no build target found for /home/martin/Desktop/aws-v7/api-gateway/src/main/java/com/microservices/gateway/config/GatewayConfig.java. Using fallback presentation compiler.
2026.03.08 12:05:45 INFO  no build target found for /home/martin/Desktop/aws-v7/api-gateway/src/main/java/com/microservices/gateway/config/GatewayConfig.java. Using fallback presentation compiler.
2026.03.08 12:05:45 INFO  no build target found for /home/martin/Desktop/aws-v7/api-gateway/src/main/java/com/microservices/gateway/config/GatewayConfig.java. Using fallback presentation compiler.
2026.03.08 12:05:45 INFO  no build target found for /home/martin/Desktop/aws-v7/api-gateway/src/main/java/com/microservices/gateway/config/GatewayConfig.java. Using fallback presentation compiler.
2026.03.08 12:05:45 INFO  no build target found for /home/martin/Desktop/aws-v7/api-gateway/src/main/java/com/microservices/gateway/config/GatewayConfig.java. Using fallback presentation compiler.
2026.03.08 12:05:45 INFO  no build target found for /home/martin/Desktop/aws-v7/api-gateway/src/main/java/com/microservices/gateway/config/GatewayConfig.java. Using fallback presentation compiler.
Mar 08, 2026 12:05:45 PM org.eclipse.lsp4j.jsonrpc.RemoteEndpoint handleCancellation
WARNING: Unmatched cancel notification for request id 3
Mar 08, 2026 12:05:45 PM org.eclipse.lsp4j.jsonrpc.RemoteEndpoint handleCancellation
WARNING: Unmatched cancel notification for request id 1
Mar 08, 2026 12:05:45 PM org.eclipse.lsp4j.jsonrpc.RemoteEndpoint handleCancellation
WARNING: Unmatched cancel notification for request id 13
2026.03.08 12:05:45 WARN  no build target for: /home/martin/Desktop/aws-v7/api-gateway/src/main/java/com/microservices/gateway/config/GatewayConfig.java
2026.03.08 12:05:45 INFO  no build target found for /home/martin/Desktop/aws-v7/api-gateway/src/main/java/com/microservices/gateway/config/GatewayConfig.java. Using fallback presentation compiler.
2026.03.08 12:05:49 INFO  no build target found for /home/martin/Desktop/aws-v7/api-gateway/src/main/java/com/microservices/gateway/config/GatewayConfig.java. Using fallback presentation compiler.
2026.03.08 12:06:22 INFO  no build target found for /home/martin/Desktop/aws-v7/api-gateway/src/main/java/com/microservices/gateway/config/GatewayConfig.java. Using fallback presentation compiler.
2026.03.08 12:06:22 INFO  no build target found for /home/martin/Desktop/aws-v7/api-gateway/src/main/java/com/microservices/gateway/config/GatewayConfig.java. Using fallback presentation compiler.
2026.03.08 12:06:22 INFO  no build target found for /home/martin/Desktop/aws-v7/api-gateway/src/main/java/com/microservices/gateway/config/GatewayConfig.java. Using fallback presentation compiler.
2026.03.08 12:06:22 INFO  no build target found for /home/martin/Desktop/aws-v7/api-gateway/src/main/java/com/microservices/gateway/config/GatewayConfig.java. Using fallback presentation compiler.
2026.03.08 12:06:23 INFO  no build target found for /home/martin/Desktop/aws-v7/api-gateway/src/main/java/com/microservices/gateway/config/GatewayConfig.java. Using fallback presentation compiler.
Mar 08, 2026 12:06:23 PM org.eclipse.lsp4j.jsonrpc.services.GenericEndpoint notify
INFO: Unsupported notification method: $/setTrace
2026.03.08 12:06:23 INFO  no build target found for /home/martin/Desktop/aws-v7/api-gateway/src/main/java/com/microservices/gateway/config/GatewayConfig.java. Using fallback presentation compiler.
Mar 08, 2026 12:06:25 PM org.eclipse.lsp4j.jsonrpc.services.GenericEndpoint notify
INFO: Unsupported notification method: $/setTrace
2026.03.08 12:06:25 INFO  no build target found for /home/martin/Desktop/aws-v7/api-gateway/src/main/java/com/microservices/gateway/config/GatewayConfig.java. Using fallback presentation compiler.
2026.03.08 12:07:09 INFO  no build target found for /home/martin/Desktop/aws-v7/api-gateway/src/main/java/com/microservices/gateway/config/GatewayConfig.java. Using fallback presentation compiler.
2026.03.08 12:07:10 INFO  no build target found for /home/martin/Desktop/aws-v7/api-gateway/src/main/java/com/microservices/gateway/config/GatewayConfig.java. Using fallback presentation compiler.
2026.03.08 12:07:25 INFO  no build target found for /home/martin/Desktop/aws-v7/api-gateway/src/main/java/com/microservices/gateway/config/GatewayConfig.java. Using fallback presentation compiler.
2026.03.08 12:10:53 INFO  no build target found for /home/martin/Desktop/aws-v7/api-gateway/src/main/java/com/microservices/gateway/config/GatewayConfig.java. Using fallback presentation compiler.
2026.03.08 12:11:22 INFO  no build target found for /home/martin/Desktop/aws-v7/api-gateway/src/main/java/com/microservices/gateway/config/GatewayConfig.java. Using fallback presentation compiler.
2026.03.08 12:12:50 INFO  no build target found for /home/martin/Desktop/aws-v7/api-gateway/src/main/java/com/microservices/gateway/config/GatewayConfig.java. Using fallback presentation compiler.
2026.03.08 17:28:05 INFO  Shutting down server
2026.03.08 17:28:05 INFO  Memory monitor stopped
2026.03.08 17:28:05 INFO  shutting down Metals
2026.03.08 17:28:05 INFO  Exiting server
